NAVIDOG android navigation app/opencv-3.4.5-android-sdk/OpenCV-android-sdk/sdk/build/intermediates/manifest_merge_blame_file/debug/manifest-merger-blame-debug-report.txt
1<?xml version="1.0" encoding="utf-8"?>
2<manifest xmlns:android="http://schemas.android.com/apk/res/android"
3    package="org.opencv"
4    android:versionCode="3450"
5    android:versionName="3.4.5" > <!-- <uses-sdk android:minSdkVersion="8" android:targetSdkVersion="21" /> -->
6    <uses-sdk
7        android:minSdkVersion="14"
7-->sdk\java\AndroidManifest.xml
8        android:targetSdkVersion="21" />
8-->sdk\java\AndroidManifest.xml
9
10</manifest>